<?xml version="1.0" encoding="UTF-8"?>
<!-- Generated by org.testng.reporters.JUnitXMLReporter -->
<testsuite ignored="1" hostname="Personal" failures="0" tests="2" name="Test" time="10.938" errors="0" timestamp="2024-07-10T19:10:22 IST">
  <testcase classname="testCases.TC_001_AccountRegistrationTest" name="verify_account_registration" time="2.553"/>
  <testcase classname="testCases.TC_002_LoginTest" name="verify_login" time="2.33"/>
  <testcase classname="testCases.TC_003_LoginDDT" name="verify_loginDDT" time="0.0">
    <ignored/>
  </testcase> <!-- verify_loginDDT -->
</testsuite> <!-- Test -->
